<?xml version="1.0" encoding="UTF-8"?>
<!-- Generated by org.testng.reporters.JUnitReportReporter -->
<testsuite hostname="LT059498" name="Pipeline.JenkinC.SeleniumTest" tests="1" failures="0" timestamp="31 Dec 2017 11:37:04 GMT" time="23.168" errors="0">
  <testcase name="testfun1" time="23.168" classname="Pipeline.JenkinC.SeleniumTest"/>
</testsuite> <!-- Pipeline.JenkinC.SeleniumTest -->
