<?xml version="1.0" encoding="UTF-8"?>
<!-- Generated by org.testng.reporters.JUnitReportReporter -->
<testsuite hostname="LT059498" name="Pipeline.JenkinC.SecondSelTest" tests="1" failures="0" timestamp="31 Dec 2017 16:17:41 GMT" time="66.744" errors="0">
  <testcase name="SelTe" time="66.744" classname="Pipeline.JenkinC.SecondSelTest"/>
</testsuite> <!-- Pipeline.JenkinC.SecondSelTest -->
